<?xml version="1.0" encoding="UTF-8"?>
<coverage generated="1688852597915" clover="3.2.0">
  <project timestamp="1688852597915" name="All files">
    <metrics statements="108" coveredstatements="92" conditionals="50" coveredconditionals="39" methods="22" coveredmethods="21" elements="180" coveredelements="152" complexity="0" loc="108" ncloc="108" packages="1" files="1" classes="1"/>
    <file name="main.js" path="/home/runner/Ada-Coin-Testing-Project-Extended-Codeb-MayaHettiArachchige/adacoin/src/main.js">
      <metrics statements="108" coveredstatements="92" conditionals="50" coveredconditionals="39" methods="22" coveredmethods="21"/>
      <line num="1" count="1" type="stmt"/>
      <line num="2" count="1" type="stmt"/>
      <line num="4" count="1" type="stmt"/>
      <line num="5" count="1" type="stmt"/>
      <line num="9" count="1" type="stmt"/>
      <line num="21" count="10" type="stmt"/>
      <line num="22" count="10" type="stmt"/>
      <line num="23" count="10" type="stmt"/>
      <line num="24" count="10" type="stmt"/>
      <line num="33" count="15" type="stmt"/>
      <line num="34" count="15" type="stmt"/>
      <line num="38" count="29" type="stmt"/>
      <line num="41" count="45" type="cond" truecount="2" falsecount="0"/>
      <line num="42" count="2" type="stmt"/>
      <line num="44" count="43" type="stmt"/>
      <line num="48" count="29" type="stmt"/>
      <line num="49" count="29" type="stmt"/>
      <line num="51" count="1" type="stmt"/>
      <line num="54" count="28" type="stmt"/>
      <line num="55" count="28" type="stmt"/>
      <line num="57" count="28" type="cond" truecount="2" falsecount="0"/>
      <line num="58" count="2" type="stmt"/>
      <line num="61" count="28" type="cond" truecount="4" falsecount="0"/>
      <line num="67" count="1" type="stmt"/>
      <line num="78" count="9" type="stmt"/>
      <line num="79" count="9" type="cond" truecount="2" falsecount="0"/>
      <line num="80" count="2" type="stmt"/>
      <line num="86" count="18" type="stmt"/>
      <line num="87" count="18" type="stmt"/>
      <line num="88" count="18" type="stmt"/>
      <line num="91" count="18" type="stmt"/>
      <line num="92" count="18" type="stmt"/>
      <line num="96" count="23" type="stmt"/>
      <line num="99" count="25" type="stmt"/>
      <line num="100" count="3" type="stmt"/>
      <line num="103" count="1" type="stmt"/>
      <line num="107" count="2" type="cond" truecount="1" falsecount="1"/>
      <line num="108" count="2" type="stmt"/>
      <line num="112" count="2" type="cond" truecount="1" falsecount="1"/>
      <line num="113" count="0" type="stmt"/>
      <line num="117" count="14" type="stmt"/>
      <line num="118" count="14" type="cond" truecount="1" falsecount="1"/>
      <line num="119" count="14" type="cond" truecount="1" falsecount="1"/>
      <line num="120" count="14" type="cond" truecount="2" falsecount="0"/>
      <line num="121" count="5" type="stmt"/>
      <line num="126" count="13" type="cond" truecount="1" falsecount="1"/>
      <line num="127" count="0" type="stmt"/>
      <line num="128" count="0" type="stmt"/>
      <line num="131" count="13" type="cond" truecount="2" falsecount="0"/>
      <line num="132" count="1" type="stmt"/>
      <line num="135" count="12" type="cond" truecount="2" falsecount="0"/>
      <line num="136" count="3" type="stmt"/>
      <line num="138" count="3" type="stmt"/>
      <line num="141" count="9" type="cond" truecount="3" falsecount="1"/>
      <line num="142" count="0" type="stmt"/>
      <line num="143" count="0" type="stmt"/>
      <line num="146" count="9" type="cond" truecount="2" falsecount="0"/>
      <line num="147" count="5" type="cond" truecount="1" falsecount="1"/>
      <line num="148" count="0" type="stmt"/>
      <line num="149" count="0" type="stmt"/>
      <line num="153" count="9" type="cond" truecount="2" falsecount="0"/>
      <line num="154" count="4" type="cond" truecount="2" falsecount="0"/>
      <line num="155" count="2" type="stmt"/>
      <line num="156" count="2" type="stmt"/>
      <line num="160" count="7" type="stmt"/>
      <line num="167" count="5" type="stmt"/>
      <line num="171" count="5" type="stmt"/>
      <line num="175" count="3" type="stmt"/>
      <line num="180" count="3" type="stmt"/>
      <line num="181" count="3" type="stmt"/>
      <line num="182" count="6" type="cond" truecount="2" falsecount="0"/>
      <line num="183" count="5" type="stmt"/>
      <line num="184" count="5" type="stmt"/>
      <line num="187" count="1" type="stmt"/>
      <line num="188" count="1" type="stmt"/>
      <line num="192" count="3" type="stmt"/>
      <line num="193" count="3" type="stmt"/>
      <line num="194" count="3" type="stmt"/>
      <line num="202" count="4" type="cond" truecount="1" falsecount="1"/>
      <line num="203" count="0" type="stmt"/>
      <line num="205" count="3" type="stmt"/>
      <line num="206" count="3" type="stmt"/>
      <line num="208" count="0" type="stmt"/>
      <line num="209" count="0" type="stmt"/>
      <line num="212" count="3" type="stmt"/>
      <line num="213" count="3" type="stmt"/>
      <line num="215" count="0" type="stmt"/>
      <line num="216" count="0" type="stmt"/>
      <line num="219" count="3" type="stmt"/>
      <line num="220" count="3" type="stmt"/>
      <line num="223" count="3" type="cond" truecount="1" falsecount="1"/>
      <line num="224" count="0" type="stmt"/>
      <line num="225" count="0" type="stmt"/>
      <line num="228" count="3" type="cond" truecount="2" falsecount="0"/>
      <line num="229" count="2" type="stmt"/>
      <line num="231" count="1" type="stmt"/>
      <line num="238" count="1" type="stmt"/>
      <line num="239" count="2" type="stmt"/>
      <line num="240" count="2" type="stmt"/>
      <line num="243" count="2" type="cond" truecount="1" falsecount="1"/>
      <line num="244" count="0" type="stmt"/>
      <line num="248" count="2" type="cond" truecount="1" falsecount="1"/>
      <line num="249" count="0" type="stmt"/>
      <line num="254" count="1" type="stmt"/>
      <line num="290" count="1" type="stmt"/>
      <line num="291" count="1" type="stmt"/>
      <line num="292" count="1" type="stmt"/>
      <line num="294" count="1" type="stmt"/>
    </file>
  </project>
</coverage>
