{"/home/runner/Ada-Coin-Testing-Project-Extended-Codeb-MayaHettiArachchige/adacoin/src/main.js": {"path":"/home/runner/Ada-Coin-Testing-Project-Extended-Codeb-MayaHettiArachchige/adacoin/src/main.js","statementMap":{"0":{"start":{"line":1,"column":15},"end":{"line":1,"column":42}},"1":{"start":{"line":2,"column":23},"end":{"line":2,"column":38}},"2":{"start":{"line":4,"column":11},"end":{"line":4,"column":24}},"3":{"start":{"line":5,"column":12},"end":{"line":5,"column":67}},"4":{"start":{"line":9,"column":22},"end":{"line":16,"column":1}},"5":{"start":{"line":21,"column":4},"end":{"line":21,"column":27}},"6":{"start":{"line":22,"column":4},"end":{"line":22,"column":26}},"7":{"start":{"line":23,"column":4},"end":{"line":23,"column":44}},"8":{"start":{"line":24,"column":4},"end":{"line":24,"column":28}},"9":{"start":{"line":33,"column":4},"end":{"line":33,"column":27}},"10":{"start":{"line":34,"column":4},"end":{"line":34,"column":20}},"11":{"start":{"line":38,"column":16},"end":{"line":38,"column":110}},"12":{"start":{"line":41,"column":4},"end":{"line":43,"column":5}},"13":{"start":{"line":42,"column":6},"end":{"line":42,"column":62}},"14":{"start":{"line":44,"column":4},"end":{"line":44,"column":16}},"15":{"start":{"line":48,"column":2},"end":{"line":52,"column":3}},"16":{"start":{"line":49,"column":4},"end":{"line":49,"column":30}},"17":{"start":{"line":51,"column":4},"end":{"line":51,"column":60}},"18":{"start":{"line":54,"column":11},"end":{"line":54,"column":51}},"19":{"start":{"line":55,"column":18},"end":{"line":55,"column":48}},"20":{"start":{"line":57,"column":2},"end":{"line":59,"column":3}},"21":{"start":{"line":58,"column":4},"end":{"line":58,"column":30}},"22":{"start":{"line":61,"column":2},"end":{"line":61,"column":58}},"23":{"start":{"line":61,"column":41},"end":{"line":61,"column":57}},"24":{"start":{"line":67,"column":24},"end":{"line":81,"column":1}},"25":{"start":{"line":78,"column":28},"end":{"line":78,"column":42}},"26":{"start":{"line":79,"column":2},"end":{"line":79,"column":52}},"27":{"start":{"line":79,"column":40},"end":{"line":79,"column":52}},"28":{"start":{"line":80,"column":2},"end":{"line":80,"column":15}},"29":{"start":{"line":86,"column":4},"end":{"line":86,"column":17}},"30":{"start":{"line":87,"column":4},"end":{"line":87,"column":35}},"31":{"start":{"line":88,"column":4},"end":{"line":88,"column":20}},"32":{"start":{"line":91,"column":4},"end":{"line":91,"column":37}},"33":{"start":{"line":92,"column":4},"end":{"line":92,"column":71}},"34":{"start":{"line":96,"column":4},"end":{"line":96,"column":88}},"35":{"start":{"line":99,"column":16},"end":{"line":99,"column":35}},"36":{"start":{"line":100,"column":20},"end":{"line":100,"column":39}},"37":{"start":{"line":103,"column":4},"end":{"line":103,"column":32}},"38":{"start":{"line":107,"column":4},"end":{"line":107,"column":55}},"39":{"start":{"line":107,"column":46},"end":{"line":107,"column":55}},"40":{"start":{"line":108,"column":4},"end":{"line":108,"column":43}},"41":{"start":{"line":112,"column":4},"end":{"line":112,"column":54}},"42":{"start":{"line":112,"column":45},"end":{"line":112,"column":54}},"43":{"start":{"line":113,"column":4},"end":{"line":113,"column":42}},"44":{"start":{"line":117,"column":13},"end":{"line":117,"column":21}},"45":{"start":{"line":118,"column":4},"end":{"line":118,"column":46}},"46":{"start":{"line":118,"column":33},"end":{"line":118,"column":46}},"47":{"start":{"line":119,"column":4},"end":{"line":119,"column":47}},"48":{"start":{"line":119,"column":34},"end":{"line":119,"column":47}},"49":{"start":{"line":120,"column":4},"end":{"line":120,"column":49}},"50":{"start":{"line":120,"column":36},"end":{"line":120,"column":49}},"51":{"start":{"line":121,"column":4},"end":{"line":121,"column":16}},"52":{"start":{"line":126,"column":4},"end":{"line":129,"column":5}},"53":{"start":{"line":127,"column":6},"end":{"line":127,"column":81}},"54":{"start":{"line":128,"column":6},"end":{"line":128,"column":73}},"55":{"start":{"line":131,"column":4},"end":{"line":133,"column":5}},"56":{"start":{"line":132,"column":6},"end":{"line":132,"column":18}},"57":{"start":{"line":135,"column":4},"end":{"line":139,"column":5}},"58":{"start":{"line":136,"column":6},"end":{"line":137,"column":60}},"59":{"start":{"line":138,"column":6},"end":{"line":138,"column":61}},"60":{"start":{"line":141,"column":4},"end":{"line":144,"column":5}},"61":{"start":{"line":142,"column":6},"end":{"line":142,"column":91}},"62":{"start":{"line":143,"column":6},"end":{"line":143,"column":61}},"63":{"start":{"line":146,"column":4},"end":{"line":151,"column":5}},"64":{"start":{"line":147,"column":6},"end":{"line":150,"column":7}},"65":{"start":{"line":148,"column":8},"end":{"line":148,"column":125}},"66":{"start":{"line":149,"column":8},"end":{"line":149,"column":90}},"67":{"start":{"line":153,"column":4},"end":{"line":158,"column":5}},"68":{"start":{"line":154,"column":6},"end":{"line":157,"column":7}},"69":{"start":{"line":155,"column":8},"end":{"line":155,"column":123}},"70":{"start":{"line":156,"column":8},"end":{"line":156,"column":88}},"71":{"start":{"line":160,"column":4},"end":{"line":160,"column":16}},"72":{"start":{"line":167,"column":4},"end":{"line":167,"column":41}},"73":{"start":{"line":171,"column":4},"end":{"line":171,"column":50}},"74":{"start":{"line":175,"column":4},"end":{"line":175,"column":45}},"75":{"start":{"line":180,"column":17},"end":{"line":180,"column":18}},"76":{"start":{"line":180,"column":28},"end":{"line":180,"column":29}},"77":{"start":{"line":181,"column":4},"end":{"line":190,"column":5}},"78":{"start":{"line":182,"column":6},"end":{"line":189,"column":7}},"79":{"start":{"line":183,"column":8},"end":{"line":183,"column":18}},"80":{"start":{"line":184,"column":8},"end":{"line":184,"column":17}},"81":{"start":{"line":187,"column":8},"end":{"line":187,"column":32}},"82":{"start":{"line":188,"column":8},"end":{"line":188,"column":30}},"83":{"start":{"line":192,"column":17},"end":{"line":192,"column":110}},"84":{"start":{"line":193,"column":4},"end":{"line":193,"column":58}},"85":{"start":{"line":194,"column":4},"end":{"line":194,"column":18}},"86":{"start":{"line":202,"column":2},"end":{"line":204,"column":3}},"87":{"start":{"line":203,"column":4},"end":{"line":203,"column":23}},"88":{"start":{"line":205,"column":2},"end":{"line":210,"column":3}},"89":{"start":{"line":206,"column":4},"end":{"line":206,"column":32}},"90":{"start":{"line":208,"column":4},"end":{"line":208,"column":98}},"91":{"start":{"line":209,"column":4},"end":{"line":209,"column":17}},"92":{"start":{"line":212,"column":2},"end":{"line":217,"column":3}},"93":{"start":{"line":213,"column":4},"end":{"line":213,"column":30}},"94":{"start":{"line":215,"column":4},"end":{"line":215,"column":96}},"95":{"start":{"line":216,"column":4},"end":{"line":216,"column":17}},"96":{"start":{"line":219,"column":2},"end":{"line":219,"column":41}},"97":{"start":{"line":220,"column":2},"end":{"line":220,"column":43}},"98":{"start":{"line":223,"column":2},"end":{"line":226,"column":3}},"99":{"start":{"line":224,"column":4},"end":{"line":224,"column":118}},"100":{"start":{"line":225,"column":4},"end":{"line":225,"column":25}},"101":{"start":{"line":228,"column":2},"end":{"line":232,"column":3}},"102":{"start":{"line":229,"column":4},"end":{"line":229,"column":51}},"103":{"start":{"line":231,"column":4},"end":{"line":231,"column":16}},"104":{"start":{"line":238,"column":4},"end":{"line":251,"column":5}},"105":{"start":{"line":238,"column":17},"end":{"line":238,"column":18}},"106":{"start":{"line":239,"column":22},"end":{"line":239,"column":37}},"107":{"start":{"line":240,"column":23},"end":{"line":240,"column":42}},"108":{"start":{"line":243,"column":6},"end":{"line":245,"column":7}},"109":{"start":{"line":244,"column":8},"end":{"line":244,"column":21}},"110":{"start":{"line":248,"column":6},"end":{"line":250,"column":7}},"111":{"start":{"line":249,"column":8},"end":{"line":249,"column":21}},"112":{"start":{"line":254,"column":4},"end":{"line":254,"column":16}},"113":{"start":{"line":290,"column":0},"end":{"line":290,"column":80}},"114":{"start":{"line":291,"column":13},"end":{"line":291,"column":24}},"115":{"start":{"line":292,"column":20},"end":{"line":292,"column":78}},"116":{"start":{"line":294,"column":0},"end":{"line":294,"column":43}}},"fnMap":{"0":{"name":"(anonymous_0)","decl":{"start":{"line":20,"column":2},"end":{"line":20,"column":3}},"loc":{"start":{"line":20,"column":36},"end":{"line":25,"column":3}},"line":20},"1":{"name":"(anonymous_1)","decl":{"start":{"line":32,"column":2},"end":{"line":32,"column":3}},"loc":{"start":{"line":32,"column":16},"end":{"line":35,"column":3}},"line":32},"2":{"name":"(anonymous_2)","decl":{"start":{"line":38,"column":2},"end":{"line":38,"column":3}},"loc":{"start":{"line":38,"column":14},"end":{"line":38,"column":112}},"line":38},"3":{"name":"(anonymous_3)","decl":{"start":{"line":40,"column":2},"end":{"line":40,"column":3}},"loc":{"start":{"line":40,"column":23},"end":{"line":45,"column":3}},"line":40},"4":{"name":"(anonymous_4)","decl":{"start":{"line":47,"column":2},"end":{"line":47,"column":3}},"loc":{"start":{"line":47,"column":21},"end":{"line":62,"column":1}},"line":47},"5":{"name":"(anonymous_5)","decl":{"start":{"line":67,"column":24},"end":{"line":67,"column":25}},"loc":{"start":{"line":67,"column":35},"end":{"line":81,"column":1}},"line":67},"6":{"name":"(anonymous_6)","decl":{"start":{"line":85,"column":2},"end":{"line":85,"column":3}},"loc":{"start":{"line":85,"column":31},"end":{"line":93,"column":3}},"line":85},"7":{"name":"(anonymous_7)","decl":{"start":{"line":95,"column":2},"end":{"line":95,"column":3}},"loc":{"start":{"line":95,"column":18},"end":{"line":97,"column":3}},"line":95},"8":{"name":"(anonymous_8)","decl":{"start":{"line":99,"column":2},"end":{"line":99,"column":3}},"loc":{"start":{"line":99,"column":14},"end":{"line":99,"column":37}},"line":99},"9":{"name":"(anonymous_9)","decl":{"start":{"line":100,"column":2},"end":{"line":100,"column":3}},"loc":{"start":{"line":100,"column":18},"end":{"line":100,"column":41}},"line":100},"10":{"name":"(anonymous_10)","decl":{"start":{"line":102,"column":2},"end":{"line":102,"column":3}},"loc":{"start":{"line":102,"column":12},"end":{"line":104,"column":3}},"line":102},"11":{"name":"(anonymous_11)","decl":{"start":{"line":106,"column":2},"end":{"line":106,"column":3}},"loc":{"start":{"line":106,"column":20},"end":{"line":109,"column":3}},"line":106},"12":{"name":"(anonymous_12)","decl":{"start":{"line":111,"column":2},"end":{"line":111,"column":3}},"loc":{"start":{"line":111,"column":19},"end":{"line":114,"column":3}},"line":111},"13":{"name":"(anonymous_13)","decl":{"start":{"line":116,"column":2},"end":{"line":116,"column":3}},"loc":{"start":{"line":116,"column":19},"end":{"line":122,"column":3}},"line":116},"14":{"name":"(anonymous_14)","decl":{"start":{"line":124,"column":2},"end":{"line":124,"column":3}},"loc":{"start":{"line":124,"column":21},"end":{"line":161,"column":3}},"line":124},"15":{"name":"(anonymous_15)","decl":{"start":{"line":166,"column":2},"end":{"line":166,"column":3}},"loc":{"start":{"line":166,"column":16},"end":{"line":168,"column":3}},"line":166},"16":{"name":"(anonymous_16)","decl":{"start":{"line":170,"column":2},"end":{"line":170,"column":3}},"loc":{"start":{"line":170,"column":17},"end":{"line":172,"column":3}},"line":170},"17":{"name":"(anonymous_17)","decl":{"start":{"line":174,"column":2},"end":{"line":174,"column":3}},"loc":{"start":{"line":174,"column":14},"end":{"line":176,"column":3}},"line":174},"18":{"name":"(anonymous_18)","decl":{"start":{"line":178,"column":2},"end":{"line":178,"column":3}},"loc":{"start":{"line":178,"column":12},"end":{"line":195,"column":3}},"line":178},"19":{"name":"(anonymous_19)","decl":{"start":{"line":197,"column":2},"end":{"line":197,"column":3}},"loc":{"start":{"line":197,"column":12},"end":{"line":198,"column":3}},"line":197},"20":{"name":"(anonymous_20)","decl":{"start":{"line":200,"column":0},"end":{"line":200,"column":1}},"loc":{"start":{"line":200,"column":19},"end":{"line":233,"column":1}},"line":200},"21":{"name":"(anonymous_21)","decl":{"start":{"line":236,"column":2},"end":{"line":236,"column":3}},"loc":{"start":{"line":236,"column":12},"end":{"line":255,"column":3}},"line":236}},"branchMap":{"0":{"loc":{"start":{"line":41,"column":4},"end":{"line":43,"column":5}},"type":"if","locations":[{"start":{"line":41,"column":4},"end":{"line":43,"column":5}},{"start":{},"end":{}}],"line":41},"1":{"loc":{"start":{"line":57,"column":2},"end":{"line":59,"column":3}},"type":"if","locations":[{"start":{"line":57,"column":2},"end":{"line":59,"column":3}},{"start":{},"end":{}}],"line":57},"2":{"loc":{"start":{"line":61,"column":2},"end":{"line":61,"column":58}},"type":"if","locations":[{"start":{"line":61,"column":2},"end":{"line":61,"column":58}},{"start":{},"end":{}}],"line":61},"3":{"loc":{"start":{"line":61,"column":6},"end":{"line":61,"column":38}},"type":"binary-expr","locations":[{"start":{"line":61,"column":6},"end":{"line":61,"column":19}},{"start":{"line":61,"column":23},"end":{"line":61,"column":38}}],"line":61},"4":{"loc":{"start":{"line":79,"column":2},"end":{"line":79,"column":52}},"type":"if","locations":[{"start":{"line":79,"column":2},"end":{"line":79,"column":52}},{"start":{},"end":{}}],"line":79},"5":{"loc":{"start":{"line":107,"column":4},"end":{"line":107,"column":55}},"type":"if","locations":[{"start":{"line":107,"column":4},"end":{"line":107,"column":55}},{"start":{},"end":{}}],"line":107},"6":{"loc":{"start":{"line":112,"column":4},"end":{"line":112,"column":54}},"type":"if","locations":[{"start":{"line":112,"column":4},"end":{"line":112,"column":54}},{"start":{},"end":{}}],"line":112},"7":{"loc":{"start":{"line":118,"column":4},"end":{"line":118,"column":46}},"type":"if","locations":[{"start":{"line":118,"column":4},"end":{"line":118,"column":46}},{"start":{},"end":{}}],"line":118},"8":{"loc":{"start":{"line":119,"column":4},"end":{"line":119,"column":47}},"type":"if","locations":[{"start":{"line":119,"column":4},"end":{"line":119,"column":47}},{"start":{},"end":{}}],"line":119},"9":{"loc":{"start":{"line":120,"column":4},"end":{"line":120,"column":49}},"type":"if","locations":[{"start":{"line":120,"column":4},"end":{"line":120,"column":49}},{"start":{},"end":{}}],"line":120},"10":{"loc":{"start":{"line":126,"column":4},"end":{"line":129,"column":5}},"type":"if","locations":[{"start":{"line":126,"column":4},"end":{"line":129,"column":5}},{"start":{},"end":{}}],"line":126},"11":{"loc":{"start":{"line":131,"column":4},"end":{"line":133,"column":5}},"type":"if","locations":[{"start":{"line":131,"column":4},"end":{"line":133,"column":5}},{"start":{},"end":{}}],"line":131},"12":{"loc":{"start":{"line":135,"column":4},"end":{"line":139,"column":5}},"type":"if","locations":[{"start":{"line":135,"column":4},"end":{"line":139,"column":5}},{"start":{},"end":{}}],"line":135},"13":{"loc":{"start":{"line":141,"column":4},"end":{"line":144,"column":5}},"type":"if","locations":[{"start":{"line":141,"column":4},"end":{"line":144,"column":5}},{"start":{},"end":{}}],"line":141},"14":{"loc":{"start":{"line":141,"column":9},"end":{"line":141,"column":94}},"type":"binary-expr","locations":[{"start":{"line":141,"column":9},"end":{"line":141,"column":50}},{"start":{"line":141,"column":54},"end":{"line":141,"column":94}}],"line":141},"15":{"loc":{"start":{"line":146,"column":4},"end":{"line":151,"column":5}},"type":"if","locations":[{"start":{"line":146,"column":4},"end":{"line":151,"column":5}},{"start":{},"end":{}}],"line":146},"16":{"loc":{"start":{"line":147,"column":6},"end":{"line":150,"column":7}},"type":"if","locations":[{"start":{"line":147,"column":6},"end":{"line":150,"column":7}},{"start":{},"end":{}}],"line":147},"17":{"loc":{"start":{"line":153,"column":4},"end":{"line":158,"column":5}},"type":"if","locations":[{"start":{"line":153,"column":4},"end":{"line":158,"column":5}},{"start":{},"end":{}}],"line":153},"18":{"loc":{"start":{"line":154,"column":6},"end":{"line":157,"column":7}},"type":"if","locations":[{"start":{"line":154,"column":6},"end":{"line":157,"column":7}},{"start":{},"end":{}}],"line":154},"19":{"loc":{"start":{"line":182,"column":6},"end":{"line":189,"column":7}},"type":"if","locations":[{"start":{"line":182,"column":6},"end":{"line":189,"column":7}},{"start":{"line":186,"column":11},"end":{"line":189,"column":7}}],"line":182},"20":{"loc":{"start":{"line":202,"column":2},"end":{"line":204,"column":3}},"type":"if","locations":[{"start":{"line":202,"column":2},"end":{"line":204,"column":3}},{"start":{},"end":{}}],"line":202},"21":{"loc":{"start":{"line":223,"column":2},"end":{"line":226,"column":3}},"type":"if","locations":[{"start":{"line":223,"column":2},"end":{"line":226,"column":3}},{"start":{},"end":{}}],"line":223},"22":{"loc":{"start":{"line":228,"column":2},"end":{"line":232,"column":3}},"type":"if","locations":[{"start":{"line":228,"column":2},"end":{"line":232,"column":3}},{"start":{"line":230,"column":9},"end":{"line":232,"column":3}}],"line":228},"23":{"loc":{"start":{"line":243,"column":6},"end":{"line":245,"column":7}},"type":"if","locations":[{"start":{"line":243,"column":6},"end":{"line":245,"column":7}},{"start":{},"end":{}}],"line":243},"24":{"loc":{"start":{"line":248,"column":6},"end":{"line":250,"column":7}},"type":"if","locations":[{"start":{"line":248,"column":6},"end":{"line":250,"column":7}},{"start":{},"end":{}}],"line":248}},"s":{"0":1,"1":1,"2":1,"3":1,"4":1,"5":10,"6":10,"7":10,"8":10,"9":15,"10":15,"11":29,"12":45,"13":2,"14":43,"15":29,"16":29,"17":1,"18":28,"19":28,"20":28,"21":2,"22":28,"23":26,"24":1,"25":9,"26":9,"27":7,"28":2,"29":18,"30":18,"31":18,"32":18,"33":18,"34":23,"35":25,"36":3,"37":1,"38":2,"39":0,"40":2,"41":2,"42":2,"43":0,"44":14,"45":14,"46":0,"47":14,"48":0,"49":14,"50":9,"51":5,"52":13,"53":0,"54":0,"55":13,"56":1,"57":12,"58":3,"59":3,"60":9,"61":0,"62":0,"63":9,"64":5,"65":0,"66":0,"67":9,"68":4,"69":2,"70":2,"71":7,"72":5,"73":5,"74":3,"75":3,"76":3,"77":3,"78":6,"79":5,"80":5,"81":1,"82":1,"83":3,"84":3,"85":3,"86":4,"87":0,"88":3,"89":3,"90":0,"91":0,"92":3,"93":3,"94":0,"95":0,"96":3,"97":3,"98":3,"99":0,"100":0,"101":3,"102":2,"103":1,"104":1,"105":1,"106":2,"107":2,"108":2,"109":0,"110":2,"111":0,"112":1,"113":1,"114":1,"115":1,"116":1},"f":{"0":10,"1":15,"2":29,"3":45,"4":29,"5":9,"6":18,"7":23,"8":25,"9":3,"10":1,"11":2,"12":2,"13":14,"14":13,"15":5,"16":5,"17":3,"18":3,"19":0,"20":4,"21":1},"b":{"0":[2,43],"1":[2,26],"2":[26,2],"3":[28,2],"4":[7,2],"5":[0,2],"6":[2,0],"7":[0,14],"8":[0,14],"9":[9,5],"10":[0,13],"11":[1,12],"12":[3,9],"13":[0,9],"14":[9,4],"15":[5,4],"16":[0,5],"17":[4,5],"18":[2,2],"19":[5,1],"20":[0,3],"21":[0,3],"22":[2,1],"23":[0,2],"24":[0,2]},"_coverageSchema":"1a1c01bbd47fc00a2c39e90264f33305004495a9","hash":"7dc1156ff463df6652c0eb2de530c95fb7db3114"}
}
