TN:
SF:adacoin/src/main.js
FN:20,(anonymous_0)
FN:32,(anonymous_1)
FN:38,(anonymous_2)
FN:40,(anonymous_3)
FN:47,(anonymous_4)
FN:67,(anonymous_5)
FN:85,(anonymous_6)
FN:95,(anonymous_7)
FN:99,(anonymous_8)
FN:100,(anonymous_9)
FN:102,(anonymous_10)
FN:106,(anonymous_11)
FN:111,(anonymous_12)
FN:116,(anonymous_13)
FN:124,(anonymous_14)
FN:166,(anonymous_15)
FN:170,(anonymous_16)
FN:174,(anonymous_17)
FN:178,(anonymous_18)
FN:197,(anonymous_19)
FN:200,(anonymous_20)
FN:236,(anonymous_21)
FNF:22
FNH:21
FNDA:10,(anonymous_0)
FNDA:15,(anonymous_1)
FNDA:29,(anonymous_2)
FNDA:45,(anonymous_3)
FNDA:29,(anonymous_4)
FNDA:9,(anonymous_5)
FNDA:18,(anonymous_6)
FNDA:23,(anonymous_7)
FNDA:25,(anonymous_8)
FNDA:3,(anonymous_9)
FNDA:1,(anonymous_10)
FNDA:2,(anonymous_11)
FNDA:2,(anonymous_12)
FNDA:14,(anonymous_13)
FNDA:13,(anonymous_14)
FNDA:5,(anonymous_15)
FNDA:5,(anonymous_16)
FNDA:3,(anonymous_17)
FNDA:3,(anonymous_18)
FNDA:0,(anonymous_19)
FNDA:4,(anonymous_20)
FNDA:1,(anonymous_21)
DA:1,1
DA:2,1
DA:4,1
DA:5,1
DA:9,1
DA:21,10
DA:22,10
DA:23,10
DA:24,10
DA:33,15
DA:34,15
DA:38,29
DA:41,45
DA:42,2
DA:44,43
DA:48,29
DA:49,29
DA:51,1
DA:54,28
DA:55,28
DA:57,28
DA:58,2
DA:61,28
DA:67,1
DA:78,9
DA:79,9
DA:80,2
DA:86,18
DA:87,18
DA:88,18
DA:91,18
DA:92,18
DA:96,23
DA:99,25
DA:100,3
DA:103,1
DA:107,2
DA:108,2
DA:112,2
DA:113,0
DA:117,14
DA:118,14
DA:119,14
DA:120,14
DA:121,5
DA:126,13
DA:127,0
DA:128,0
DA:131,13
DA:132,1
DA:135,12
DA:136,3
DA:138,3
DA:141,9
DA:142,0
DA:143,0
DA:146,9
DA:147,5
DA:148,0
DA:149,0
DA:153,9
DA:154,4
DA:155,2
DA:156,2
DA:160,7
DA:167,5
DA:171,5
DA:175,3
DA:180,3
DA:181,3
DA:182,6
DA:183,5
DA:184,5
DA:187,1
DA:188,1
DA:192,3
DA:193,3
DA:194,3
DA:202,4
DA:203,0
DA:205,3
DA:206,3
DA:208,0
DA:209,0
DA:212,3
DA:213,3
DA:215,0
DA:216,0
DA:219,3
DA:220,3
DA:223,3
DA:224,0
DA:225,0
DA:228,3
DA:229,2
DA:231,1
DA:238,1
DA:239,2
DA:240,2
DA:243,2
DA:244,0
DA:248,2
DA:249,0
DA:254,1
DA:290,1
DA:291,1
DA:292,1
DA:294,1
LF:108
LH:92
BRDA:41,0,0,2
BRDA:41,0,1,43
BRDA:57,1,0,2
BRDA:57,1,1,26
BRDA:61,2,0,26
BRDA:61,2,1,2
BRDA:61,3,0,28
BRDA:61,3,1,2
BRDA:79,4,0,7
BRDA:79,4,1,2
BRDA:107,5,0,0
BRDA:107,5,1,2
BRDA:112,6,0,2
BRDA:112,6,1,0
BRDA:118,7,0,0
BRDA:118,7,1,14
BRDA:119,8,0,0
BRDA:119,8,1,14
BRDA:120,9,0,9
BRDA:120,9,1,5
BRDA:126,10,0,0
BRDA:126,10,1,13
BRDA:131,11,0,1
BRDA:131,11,1,12
BRDA:135,12,0,3
BRDA:135,12,1,9
BRDA:141,13,0,0
BRDA:141,13,1,9
BRDA:141,14,0,9
BRDA:141,14,1,4
BRDA:146,15,0,5
BRDA:146,15,1,4
BRDA:147,16,0,0
BRDA:147,16,1,5
BRDA:153,17,0,4
BRDA:153,17,1,5
BRDA:154,18,0,2
BRDA:154,18,1,2
BRDA:182,19,0,5
BRDA:182,19,1,1
BRDA:202,20,0,0
BRDA:202,20,1,3
BRDA:223,21,0,0
BRDA:223,21,1,3
BRDA:228,22,0,2
BRDA:228,22,1,1
BRDA:243,23,0,0
BRDA:243,23,1,2
BRDA:248,24,0,0
BRDA:248,24,1,2
BRF:50
BRH:39
end_of_record
